<?xml version="1.0" encoding="UTF-8"?>
<!-- Generated by org.testng.reporters.JUnitXMLReporter -->
<testsuite hostname="CHAITU-VAIO" ignored="0" name="BankingApp Test" tests="2" failures="0" timestamp="28 May 2019 06:48:52 GMT" time="36.847" errors="0">
  <testcase name="loginTest" time="2.274" classname="com.inetbanking.testCases.TC_LoginTest_001"/>
  <testcase name="addNewCustomer" time="16.308" classname="com.inetbanking.testCases.TC_AddCustomerTest_003"/>
</testsuite> <!-- BankingApp Test -->
