<?xml version="1.0" encoding="UTF-8"?>
<testng-results skipped="0" failed="0" ignored="0" total="2" passed="2">
  <reporter-output>
  </reporter-output>
  <suite name="InetBankingV1" duration-ms="36847" started-at="2019-05-28T06:48:16Z" finished-at="2019-05-28T06:48:52Z">
    <groups>
    </groups>
    <test name="BankingApp Test" duration-ms="36847" started-at="2019-05-28T06:48:16Z" finished-at="2019-05-28T06:48:52Z">
      <class name="com.inetbanking.testCases.TC_LoginTest_001">
        <test-method status="PASS" signature="setUp(java.lang.String)[pri:0, instance:com.inetbanking.testCases.TC_LoginTest_001@337d0578]" name="setUp" is-config="true" duration-ms="9252" started-at="2019-05-28T06:48:16Z" finished-at="2019-05-28T06:48:25Z">
          <params>
            <param index="0">
              <value>
                <![CDATA[chrome]]>
              </value>
            </param>
          </params>
          <reporter-output>
          </reporter-output>
        </test-method> <!-- setUp -->
        <test-method status="PASS" signature="loginTest()[pri:0, instance:com.inetbanking.testCases.TC_LoginTest_001@337d0578]" name="loginTest" duration-ms="2274" started-at="2019-05-28T06:48:25Z" finished-at="2019-05-28T06:48:27Z">
          <reporter-output>
          </reporter-output>
        </test-method> <!-- loginTest -->
        <test-method status="PASS" signature="tearDown()[pri:0, instance:com.inetbanking.testCases.TC_LoginTest_001@337d0578]" name="tearDown" is-config="true" duration-ms="657" started-at="2019-05-28T06:48:27Z" finished-at="2019-05-28T06:48:28Z">
          <reporter-output>
          </reporter-output>
        </test-method> <!-- tearDown -->
      </class> <!-- com.inetbanking.testCases.TC_LoginTest_001 -->
      <class name="com.inetbanking.testCases.TC_AddCustomerTest_003">
        <test-method status="PASS" signature="setUp(java.lang.String)[pri:0, instance:com.inetbanking.testCases.TC_AddCustomerTest_003@59e84876]" name="setUp" is-config="true" duration-ms="7441" started-at="2019-05-28T06:48:28Z" finished-at="2019-05-28T06:48:35Z">
          <params>
            <param index="0">
              <value>
                <![CDATA[chrome]]>
              </value>
            </param>
          </params>
          <reporter-output>
          </reporter-output>
        </test-method> <!-- setUp -->
        <test-method status="PASS" signature="addNewCustomer()[pri:0, instance:com.inetbanking.testCases.TC_AddCustomerTest_003@59e84876]" name="addNewCustomer" duration-ms="16308" started-at="2019-05-28T06:48:35Z" finished-at="2019-05-28T06:48:52Z">
          <reporter-output>
          </reporter-output>
        </test-method> <!-- addNewCustomer -->
        <test-method status="PASS" signature="tearDown()[pri:0, instance:com.inetbanking.testCases.TC_AddCustomerTest_003@59e84876]" name="tearDown" is-config="true" duration-ms="622" started-at="2019-05-28T06:48:52Z" finished-at="2019-05-28T06:48:52Z">
          <reporter-output>
          </reporter-output>
        </test-method> <!-- tearDown -->
      </class> <!-- com.inetbanking.testCases.TC_AddCustomerTest_003 -->
    </test> <!-- BankingApp Test -->
  </suite> <!-- InetBankingV1 -->
</testng-results>
