<?xml version="1.0" encoding="UTF-8"?>
<testng-results skipped="0" failed="0" ignored="0" total="1" passed="1">
  <reporter-output>
  </reporter-output>
  <suite name="InetBankingV1" duration-ms="11345" started-at="2019-06-11T18:00:30Z" finished-at="2019-06-11T18:00:42Z">
    <groups>
    </groups>
    <test name="BankingApp Test" duration-ms="11345" started-at="2019-06-11T18:00:30Z" finished-at="2019-06-11T18:00:42Z">
      <class name="com.inetbanking.testCases.TC_LoginTest_001">
        <test-method status="PASS" signature="setUp(java.lang.String)[pri:0, instance:com.inetbanking.testCases.TC_LoginTest_001@57baeedf]" name="setUp" is-config="true" duration-ms="8093" started-at="2019-06-11T18:00:30Z" finished-at="2019-06-11T18:00:39Z">
          <params>
            <param index="0">
              <value>
                <![CDATA[chrome]]>
              </value>
            </param>
          </params>
          <reporter-output>
          </reporter-output>
        </test-method> <!-- setUp -->
        <test-method status="PASS" signature="loginTest()[pri:0, instance:com.inetbanking.testCases.TC_LoginTest_001@57baeedf]" name="loginTest" duration-ms="2329" started-at="2019-06-11T18:00:39Z" finished-at="2019-06-11T18:00:41Z">
          <reporter-output>
          </reporter-output>
        </test-method> <!-- loginTest -->
        <test-method status="PASS" signature="tearDown()[pri:0, instance:com.inetbanking.testCases.TC_LoginTest_001@57baeedf]" name="tearDown" is-config="true" duration-ms="627" started-at="2019-06-11T18:00:41Z" finished-at="2019-06-11T18:00:42Z">
          <reporter-output>
          </reporter-output>
        </test-method> <!-- tearDown -->
      </class> <!-- com.inetbanking.testCases.TC_LoginTest_001 -->
    </test> <!-- BankingApp Test -->
  </suite> <!-- InetBankingV1 -->
</testng-results>
