<?xml version="1.0" encoding="UTF-8"?>
<testng-results skipped="0" failed="0" ignored="0" total="5" passed="5">
  <reporter-output>
  </reporter-output>
  <suite name="InetBankingV1" duration-ms="62058" started-at="2019-06-14T12:32:59Z" finished-at="2019-06-14T12:34:01Z">
    <groups>
    </groups>
    <test name="BankingApp Test" duration-ms="62058" started-at="2019-06-14T12:32:59Z" finished-at="2019-06-14T12:34:01Z">
      <class name="com.inetbanking.testCases.TC_LoginDDT_002">
        <test-method status="PASS" signature="setUp(java.lang.String)[pri:0, instance:com.inetbanking.testCases.TC_LoginDDT_002@4667ae56]" name="setUp" is-config="true" duration-ms="8585" started-at="2019-06-14T12:32:59Z" finished-at="2019-06-14T12:33:08Z">
          <params>
            <param index="0">
              <value>
                <![CDATA[chrome]]>
              </value>
            </param>
          </params>
          <reporter-output>
          </reporter-output>
        </test-method> <!-- setUp -->
        <test-method status="PASS" signature="loginDDT(java.lang.String, java.lang.String)[pri:0, instance:com.inetbanking.testCases.TC_LoginDDT_002@4667ae56]" name="loginDDT" duration-ms="14177" started-at="2019-06-14T12:33:09Z" data-provider="LoginData" finished-at="2019-06-14T12:33:23Z">
          <params>
            <param index="0">
              <value>
                <![CDATA[mngr201383]]>
              </value>
            </param>
            <param index="1">
              <value>
                <![CDATA[jAzaryp]]>
              </value>
            </param>
          </params>
          <reporter-output>
          </reporter-output>
        </test-method> <!-- loginDDT -->
        <test-method status="PASS" signature="loginDDT(java.lang.String, java.lang.String)[pri:0, instance:com.inetbanking.testCases.TC_LoginDDT_002@4667ae56]" name="loginDDT" duration-ms="5173" started-at="2019-06-14T12:33:23Z" data-provider="LoginData" finished-at="2019-06-14T12:33:28Z">
          <params>
            <param index="0">
              <value>
                <![CDATA[AhuzYte]]>
              </value>
            </param>
            <param index="1">
              <value>
                <![CDATA[AhuzYte]]>
              </value>
            </param>
          </params>
          <reporter-output>
          </reporter-output>
        </test-method> <!-- loginDDT -->
        <test-method status="PASS" signature="loginDDT(java.lang.String, java.lang.String)[pri:0, instance:com.inetbanking.testCases.TC_LoginDDT_002@4667ae56]" name="loginDDT" duration-ms="5670" started-at="2019-06-14T12:33:28Z" data-provider="LoginData" finished-at="2019-06-14T12:33:34Z">
          <params>
            <param index="0">
              <value>
                <![CDATA[mngr195759]]>
              </value>
            </param>
            <param index="1">
              <value>
                <![CDATA[AhuzYte]]>
              </value>
            </param>
          </params>
          <reporter-output>
          </reporter-output>
        </test-method> <!-- loginDDT -->
        <test-method status="PASS" signature="loginDDT(java.lang.String, java.lang.String)[pri:0, instance:com.inetbanking.testCases.TC_LoginDDT_002@4667ae56]" name="loginDDT" duration-ms="20419" started-at="2019-06-14T12:33:34Z" data-provider="LoginData" finished-at="2019-06-14T12:33:54Z">
          <params>
            <param index="0">
              <value>
                <![CDATA[mngr201383]]>
              </value>
            </param>
            <param index="1">
              <value>
                <![CDATA[jAzaryp]]>
              </value>
            </param>
          </params>
          <reporter-output>
          </reporter-output>
        </test-method> <!-- loginDDT -->
        <test-method status="PASS" signature="loginDDT(java.lang.String, java.lang.String)[pri:0, instance:com.inetbanking.testCases.TC_LoginDDT_002@4667ae56]" name="loginDDT" duration-ms="6136" started-at="2019-06-14T12:33:54Z" data-provider="LoginData" finished-at="2019-06-14T12:34:01Z">
          <params>
            <param index="0">
              <value>
                <![CDATA[mngr1957]]>
              </value>
            </param>
            <param index="1">
              <value>
                <![CDATA[AhuzYte]]>
              </value>
            </param>
          </params>
          <reporter-output>
          </reporter-output>
        </test-method> <!-- loginDDT -->
        <test-method status="PASS" signature="tearDown()[pri:0, instance:com.inetbanking.testCases.TC_LoginDDT_002@4667ae56]" name="tearDown" is-config="true" duration-ms="712" started-at="2019-06-14T12:34:01Z" finished-at="2019-06-14T12:34:01Z">
          <reporter-output>
          </reporter-output>
        </test-method> <!-- tearDown -->
      </class> <!-- com.inetbanking.testCases.TC_LoginDDT_002 -->
    </test> <!-- BankingApp Test -->
  </suite> <!-- InetBankingV1 -->
</testng-results>
